<?xml version="1.0" encoding="UTF-8"?>
<!-- Generated by org.testng.reporters.JUnitReportReporter -->
<testsuite hostname="DESKTOP-8GQ3KA3" failures="0" tests="4" name="com.spotify.testcases.CreatePlayList" time="5.863" errors="0" timestamp="2023-05-14T10:09:09 IST" skipped="0">
  <testcase classname="com.spotify.testcases.CreatePlayList" name="createPlayListWithinvalidPayload" time="0.234"/>
  <system-out/>
  <testcase classname="com.spotify.testcases.CreatePlayList" name="createPlayListBodyAsAString" time="4.999"/>
  <system-out/>
  <testcase classname="com.spotify.testcases.CreatePlayList" name="updatePlayListBodyAsAString" time="0.361"/>
  <system-out/>
  <testcase classname="com.spotify.testcases.CreatePlayList" name="getAllPlayListBasedOnUserID" time="0.269"/>
  <system-out/>
</testsuite> <!-- com.spotify.testcases.CreatePlayList -->
